<?xml version="1.0" encoding="UTF-8" standalone="yes"?>
<testsuites time="42.645" tests="1" failures="0" errors="1">
    <testsuite name="GraphWalker" tests="1" failures="0" errors="1" time="42.645" timestamp="2022-02-26T22:30:03">
        <properties>
[...]
</properties>
        <testcase name="automation" time="42.645" classname="automation">
            <error type="java.lang.reflect.InvocationTargetException">
                java.lang.reflect.InvocationTargetException&#13;
                	at sun.reflect.NativeMethodAccessorImpl.invoke0(Native Method)&#13;
                	at sun.reflect.NativeMethodAccessorImpl.invoke(NativeMethodAccessorImpl.java:62)&#13;
                	at sun.reflect.DelegatingMethodAccessorImpl.invoke(DelegatingMethodAccessorImpl.java:43)&#13;
                	at java.lang.reflect.Method.invoke(Method.java:498)&#13;
                	at org.graphwalker.core.machine.ExecutionContext.execute(ExecutionContext.java:257)&#13;
                	at org.graphwalker.core.machine.SimpleMachine.execute(SimpleMachine.java:282)&#13;
                	at org.graphwalker.core.machine.SimpleMachine.getNextStep(SimpleMachine.java:105)&#13;
                	at org.graphwalker.java.test.TestExecutor.execute(TestExecutor.java:249)&#13;
                	at sun.reflect.NativeMethodAccessorImpl.invoke0(Native Method)&#13;
                	at sun.reflect.NativeMethodAccessorImpl.invoke(NativeMethodAccessorImpl.java:62)&#13;
                	at sun.reflect.DelegatingMethodAccessorImpl.invoke(DelegatingMethodAccessorImpl.java:43)&#13;
                	at java.lang.reflect.Method.invoke(Method.java:498)&#13;
                	at org.graphwalker.java.test.Reflections.invoke(Reflections.java:73)&#13;
                	at org.graphwalker.java.test.Reflector.execute(Reflector.java:123)&#13;
                	at org.graphwalker.maven.plugin.TestMojo.execute(TestMojo.java:161)&#13;
                	at org.apache.maven.plugin.DefaultBuildPluginManager.executeMojo(DefaultBuildPluginManager.java:137)&#13;
                	at org.apache.maven.lifecycle.internal.MojoExecutor.execute(MojoExecutor.java:210)&#13;
                	at org.apache.maven.lifecycle.internal.MojoExecutor.execute(MojoExecutor.java:156)&#13;
                	at org.apache.maven.lifecycle.internal.MojoExecutor.execute(MojoExecutor.java:148)&#13;
                	at org.apache.maven.lifecycle.internal.LifecycleModuleBuilder.buildProject(LifecycleModuleBuilder.java:117)&#13;
                	at org.apache.maven.lifecycle.internal.LifecycleModuleBuilder.buildProject(LifecycleModuleBuilder.java:81)&#13;
                	at org.apache.maven.lifecycle.internal.builder.singlethreaded.SingleThreadedBuilder.build(SingleThreadedBuilder.java:56)&#13;
                	at org.apache.maven.lifecycle.internal.LifecycleStarter.execute(LifecycleStarter.java:128)&#13;
                	at org.apache.maven.DefaultMaven.doExecute(DefaultMaven.java:305)&#13;
                	at org.apache.maven.DefaultMaven.doExecute(DefaultMaven.java:192)&#13;
                	at org.apache.maven.DefaultMaven.execute(DefaultMaven.java:105)&#13;
                	at org.apache.maven.cli.MavenCli.execute(MavenCli.java:957)&#13;
                	at org.apache.maven.cli.MavenCli.doMain(MavenCli.java:289)&#13;
                	at org.apache.maven.cli.MavenCli.main(MavenCli.java:193)&#13;
                	at sun.reflect.NativeMethodAccessorImpl.invoke0(Native Method)&#13;
                	at sun.reflect.NativeMethodAccessorImpl.invoke(NativeMethodAccessorImpl.java:62)&#13;
                	at sun.reflect.DelegatingMethodAccessorImpl.invoke(DelegatingMethodAccessorImpl.java:43)&#13;
                	at java.lang.reflect.Method.invoke(Method.java:498)&#13;
                	at org.codehaus.plexus.classworlds.launcher.Launcher.launchEnhanced(Launcher.java:282)&#13;
                	at org.codehaus.plexus.classworlds.launcher.Launcher.launch(Launcher.java:225)&#13;
                	at org.codehaus.plexus.classworlds.launcher.Launcher.mainWithExitCode(Launcher.java:406)&#13;
                	at org.codehaus.plexus.classworlds.launcher.Launcher.main(Launcher.java:347)&#13;
                	at org.codehaus.classworlds.Launcher.main(Launcher.java:47)&#13;
                Caused by: org.openqa.selenium.InvalidSelectorException: Locator Strategy 'link text' is not supported for this session
                For documentation on this error, please visit: https://www.seleniumhq.org/exceptions/invalid_selector_exception.html
                Build info: version: '3.141.59', revision: 'e82be7d358', time: '2018-11-14T08:17:03'
                System info: host: 'AOE000000335358', ip: '192.168.3.102', os.name: 'Windows 10', os.arch: 'amd64', os.version: '10.0', java.version: '1.8.0_322'
                Driver info: io.appium.java_client.android.AndroidDriver
                Capabilities {appActivity: .tblauncher.MainTabActivity, appPackage: com.baidu.tieba, databaseEnabled: false, desired: {appActivity: .tblauncher.MainTabActivity, appPackage: com.baidu.tieba, deviceName: TPG5T18328000501, platformName: android}, deviceApiLevel: 28, deviceManufacturer: HUAWEI, deviceModel: HWI-AL00, deviceName: TPG5T18328000501, deviceScreenDensity: 480, deviceScreenSize: 1080x2160, deviceUDID: TPG5T18328000501, javascriptEnabled: true, locationContextEnabled: false, networkConnectionEnabled: true, pixelRatio: 3, platform: LINUX, platformName: android, platformVersion: 9, statBarHeight: 72, takesScreenshot: true, viewportRect: {height: 2088, left: 0, top: 72, width: 1080}, warnings: {}, webStorageEnabled: false}
                Session ID: cd83f48f-be50-4929-9a58-9119035637ed
                *** Element info: {Using=link text, value=关注}&#13;
                	at sun.reflect.NativeConstructorAccessorImpl.newInstance0(Native Method)&#13;
                	at sun.reflect.NativeConstructorAccessorImpl.newInstance(NativeConstructorAccessorImpl.java:62)&#13;
                	at sun.reflect.DelegatingConstructorAccessorImpl.newInstance(DelegatingConstructorAccessorImpl.java:45)&#13;
                	at java.lang.reflect.Constructor.newInstance(Constructor.java:423)&#13;
                	at org.openqa.selenium.remote.http.W3CHttpResponseCodec.createException(W3CHttpResponseCodec.java:187)&#13;
                	at org.openqa.selenium.remote.http.W3CHttpResponseCodec.decode(W3CHttpResponseCodec.java:122)&#13;
                	at org.openqa.selenium.remote.http.W3CHttpResponseCodec.decode(W3CHttpResponseCodec.java:49)&#13;
                	at org.openqa.selenium.remote.HttpCommandExecutor.execute(HttpCommandExecutor.java:158)&#13;
                	at io.appium.java_client.remote.AppiumCommandExecutor.execute(AppiumCommandExecutor.java:239)&#13;
                	at org.openqa.selenium.remote.RemoteWebDriver.execute(RemoteWebDriver.java:552)&#13;
                	at io.appium.java_client.DefaultGenericMobileDriver.execute(DefaultGenericMobileDriver.java:41)&#13;
                	at io.appium.java_client.AppiumDriver.execute(AppiumDriver.java:1)&#13;
                	at io.appium.java_client.android.AndroidDriver.execute(AndroidDriver.java:1)&#13;
                	at org.openqa.selenium.remote.RemoteWebDriver.findElement(RemoteWebDriver.java:323)&#13;
                	at io.appium.java_client.DefaultGenericMobileDriver.findElement(DefaultGenericMobileDriver.java:61)&#13;
                	at io.appium.java_client.AppiumDriver.findElement(AppiumDriver.java:1)&#13;
                	at io.appium.java_client.android.AndroidDriver.findElement(AndroidDriver.java:1)&#13;
                	at org.openqa.selenium.remote.RemoteWebDriver.findElementByLinkText(RemoteWebDriver.java:380)&#13;
                	at io.appium.java_client.DefaultGenericMobileDriver.findElementByLinkText(DefaultGenericMobileDriver.java:78)&#13;
                	at io.appium.java_client.AppiumDriver.findElementByLinkText(AppiumDriver.java:1)&#13;
                	at io.appium.java_client.android.AndroidDriver.findElementByLinkText(AndroidDriver.java:1)&#13;
                	at automation.v_otherTab(automation.java:413)&#13;
                	... 38 more&#13;
</error>
        </testcase>
    </testsuite>
</testsuites>
